<?xml version="1.0" encoding="UTF-8"?>
<testsuite xmlns:xsi="http://www.w3.org/2001/XMLSchema-instance" xsi:noNamespaceSchemaLocation="https://maven.apache.org/surefire/maven-surefire-plugin/xsd/surefire-test-report.xsd" name="TestSuite" time="66.067" tests="2" errors="0" skipped="0" failures="0">
  <properties>
    <property name="sun.desktop" value="windows"/>
    <property name="awt.toolkit" value="sun.awt.windows.WToolkit"/>
    <property name="java.specification.version" value="11"/>
    <property name="sun.cpu.isalist" value="amd64"/>
    <property name="sun.jnu.encoding" value="Cp1252"/>
    <property name="java.class.path" value="C:\Users\AMEY\IdeaProjects\Design_Pattern\target\test-classes;C:\Users\AMEY\IdeaProjects\Design_Pattern\target\classes;C:\Users\AMEY\.m2\repository\org\testng\testng\6.14.3\testng-6.14.3.jar;C:\Users\AMEY\.m2\repository\com\beust\jcommander\1.72\jcommander-1.72.jar;C:\Users\AMEY\.m2\repository\org\apache-extras\beanshell\bsh\2.0b6\bsh-2.0b6.jar;C:\Users\AMEY\.m2\repository\org\seleniumhq\selenium\selenium-java\4.0.0-rc-1\selenium-java-4.0.0-rc-1.jar;C:\Users\AMEY\.m2\repository\org\seleniumhq\selenium\selenium-api\4.0.0-rc-1\selenium-api-4.0.0-rc-1.jar;C:\Users\AMEY\.m2\repository\org\seleniumhq\selenium\selenium-chrome-driver\4.0.0-rc-1\selenium-chrome-driver-4.0.0-rc-1.jar;C:\Users\AMEY\.m2\repository\com\google\auto\service\auto-service-annotations\1.0\auto-service-annotations-1.0.jar;C:\Users\AMEY\.m2\repository\com\google\auto\service\auto-service\1.0\auto-service-1.0.jar;C:\Users\AMEY\.m2\repository\com\google\auto\auto-common\1.0\auto-common-1.0.jar;C:\Users\AMEY\.m2\repository\com\google\guava\guava\30.1.1-jre\guava-30.1.1-jre.jar;C:\Users\AMEY\.m2\repository\com\google\guava\failureaccess\1.0.1\failureaccess-1.0.1.jar;C:\Users\AMEY\.m2\repository\com\google\guava\listenablefuture\9999.0-empty-to-avoid-conflict-with-guava\listenablefuture-9999.0-empty-to-avoid-conflict-with-guava.jar;C:\Users\AMEY\.m2\repository\com\google\code\findbugs\jsr305\3.0.2\jsr305-3.0.2.jar;C:\Users\AMEY\.m2\repository\org\checkerframework\checker-qual\3.8.0\checker-qual-3.8.0.jar;C:\Users\AMEY\.m2\repository\com\google\errorprone\error_prone_annotations\2.5.1\error_prone_annotations-2.5.1.jar;C:\Users\AMEY\.m2\repository\com\google\j2objc\j2objc-annotations\1.3\j2objc-annotations-1.3.jar;C:\Users\AMEY\.m2\repository\org\seleniumhq\selenium\selenium-chromium-driver\4.0.0-rc-1\selenium-chromium-driver-4.0.0-rc-1.jar;C:\Users\AMEY\.m2\repository\org\seleniumhq\selenium\selenium-devtools\4.0.0-rc-1\selenium-devtools-4.0.0-rc-1.jar;C:\Users\AMEY\.m2\repository\org\seleniumhq\selenium\selenium-http\4.0.0-rc-1\selenium-http-4.0.0-rc-1.jar;C:\Users\AMEY\.m2\repository\org\seleniumhq\selenium\selenium-json\4.0.0-rc-1\selenium-json-4.0.0-rc-1.jar;C:\Users\AMEY\.m2\repository\org\seleniumhq\selenium\selenium-devtools-v85\4.0.0-rc-1\selenium-devtools-v85-4.0.0-rc-1.jar;C:\Users\AMEY\.m2\repository\org\seleniumhq\selenium\selenium-devtools-v92\4.0.0-rc-1\selenium-devtools-v92-4.0.0-rc-1.jar;C:\Users\AMEY\.m2\repository\org\seleniumhq\selenium\selenium-devtools-v93\4.0.0-rc-1\selenium-devtools-v93-4.0.0-rc-1.jar;C:\Users\AMEY\.m2\repository\org\seleniumhq\selenium\selenium-edge-driver\4.0.0-rc-1\selenium-edge-driver-4.0.0-rc-1.jar;C:\Users\AMEY\.m2\repository\org\seleniumhq\selenium\selenium-firefox-driver\4.0.0-rc-1\selenium-firefox-driver-4.0.0-rc-1.jar;C:\Users\AMEY\.m2\repository\org\seleniumhq\selenium\selenium-firefox-xpi-driver\4.0.0-rc-1\selenium-firefox-xpi-driver-4.0.0-rc-1.jar;C:\Users\AMEY\.m2\repository\org\seleniumhq\selenium\selenium-ie-driver\4.0.0-rc-1\selenium-ie-driver-4.0.0-rc-1.jar;C:\Users\AMEY\.m2\repository\org\seleniumhq\selenium\selenium-opera-driver\4.0.0-rc-1\selenium-opera-driver-4.0.0-rc-1.jar;C:\Users\AMEY\.m2\repository\org\seleniumhq\selenium\selenium-remote-driver\4.0.0-rc-1\selenium-remote-driver-4.0.0-rc-1.jar;C:\Users\AMEY\.m2\repository\io\netty\netty-buffer\4.1.67.Final\netty-buffer-4.1.67.Final.jar;C:\Users\AMEY\.m2\repository\io\netty\netty-codec-http\4.1.67.Final\netty-codec-http-4.1.67.Final.jar;C:\Users\AMEY\.m2\repository\io\netty\netty-codec\4.1.67.Final\netty-codec-4.1.67.Final.jar;C:\Users\AMEY\.m2\repository\io\netty\netty-handler\4.1.67.Final\netty-handler-4.1.67.Final.jar;C:\Users\AMEY\.m2\repository\io\netty\netty-common\4.1.67.Final\netty-common-4.1.67.Final.jar;C:\Users\AMEY\.m2\repository\io\netty\netty-transport-native-epoll\4.1.67.Final\netty-transport-native-epoll-4.1.67.Final.jar;C:\Users\AMEY\.m2\repository\io\netty\netty-transport-native-kqueue\4.1.67.Final\netty-transport-native-kqueue-4.1.67.Final.jar;C:\Users\AMEY\.m2\repository\io\netty\netty-transport-native-unix-common\4.1.67.Final\netty-transport-native-unix-common-4.1.67.Final.jar;C:\Users\AMEY\.m2\repository\io\netty\netty-transport\4.1.67.Final\netty-transport-4.1.67.Final.jar;C:\Users\AMEY\.m2\repository\io\netty\netty-resolver\4.1.67.Final\netty-resolver-4.1.67.Final.jar;C:\Users\AMEY\.m2\repository\io\opentelemetry\opentelemetry-api\1.5.0\opentelemetry-api-1.5.0.jar;C:\Users\AMEY\.m2\repository\io\opentelemetry\opentelemetry-context\1.5.0\opentelemetry-context-1.5.0.jar;C:\Users\AMEY\.m2\repository\io\opentelemetry\opentelemetry-exporter-logging\1.5.0\opentelemetry-exporter-logging-1.5.0.jar;C:\Users\AMEY\.m2\repository\io\opentelemetry\opentelemetry-sdk-metrics\1.5.0-alpha\opentelemetry-sdk-metrics-1.5.0-alpha.jar;C:\Users\AMEY\.m2\repository\io\opentelemetry\opentelemetry-sdk-common\1.5.0\opentelemetry-sdk-common-1.5.0.jar;C:\Users\AMEY\.m2\repository\io\opentelemetry\opentelemetry-sdk-extension-autoconfigure\1.5.0-alpha\opentelemetry-sdk-extension-autoconfigure-1.5.0-alpha.jar;C:\Users\AMEY\.m2\repository\io\opentelemetry\opentelemetry-sdk-trace\1.5.0\opentelemetry-sdk-trace-1.5.0.jar;C:\Users\AMEY\.m2\repository\io\opentelemetry\opentelemetry-api-metrics\1.5.0-alpha\opentelemetry-api-metrics-1.5.0-alpha.jar;C:\Users\AMEY\.m2\repository\io\opentelemetry\opentelemetry-sdk\1.5.0\opentelemetry-sdk-1.5.0.jar;C:\Users\AMEY\.m2\repository\io\opentelemetry\opentelemetry-semconv\1.5.0-alpha\opentelemetry-semconv-1.5.0-alpha.jar;C:\Users\AMEY\.m2\repository\io\ous\jtoml\2.0.0\jtoml-2.0.0.jar;C:\Users\AMEY\.m2\repository\net\bytebuddy\byte-buddy\1.11.13\byte-buddy-1.11.13.jar;C:\Users\AMEY\.m2\repository\org\apache\commons\commons-exec\1.3\commons-exec-1.3.jar;C:\Users\AMEY\.m2\repository\org\asynchttpclient\async-http-client\2.12.3\async-http-client-2.12.3.jar;C:\Users\AMEY\.m2\repository\org\asynchttpclient\async-http-client-netty-utils\2.12.3\async-http-client-netty-utils-2.12.3.jar;C:\Users\AMEY\.m2\repository\io\netty\netty-codec-socks\4.1.60.Final\netty-codec-socks-4.1.60.Final.jar;C:\Users\AMEY\.m2\repository\io\netty\netty-handler-proxy\4.1.60.Final\netty-handler-proxy-4.1.60.Final.jar;C:\Users\AMEY\.m2\repository\io\netty\netty-transport-native-epoll\4.1.60.Final\netty-transport-native-epoll-4.1.60.Final-linux-x86_64.jar;C:\Users\AMEY\.m2\repository\io\netty\netty-transport-native-kqueue\4.1.60.Final\netty-transport-native-kqueue-4.1.60.Final-osx-x86_64.jar;C:\Users\AMEY\.m2\repository\org\reactivestreams\reactive-streams\1.0.3\reactive-streams-1.0.3.jar;C:\Users\AMEY\.m2\repository\com\typesafe\netty\netty-reactive-streams\2.0.4\netty-reactive-streams-2.0.4.jar;C:\Users\AMEY\.m2\repository\org\slf4j\slf4j-api\1.7.30\slf4j-api-1.7.30.jar;C:\Users\AMEY\.m2\repository\com\sun\activation\jakarta.activation\1.2.2\jakarta.activation-1.2.2.jar;C:\Users\AMEY\.m2\repository\org\seleniumhq\selenium\selenium-safari-driver\4.0.0-rc-1\selenium-safari-driver-4.0.0-rc-1.jar;C:\Users\AMEY\.m2\repository\org\seleniumhq\selenium\selenium-support\4.0.0-rc-1\selenium-support-4.0.0-rc-1.jar;C:\Users\AMEY\.m2\repository\com\fasterxml\jackson\core\jackson-core\2.13.0\jackson-core-2.13.0.jar;C:\Users\AMEY\.m2\repository\com\fasterxml\jackson\core\jackson-databind\2.13.0\jackson-databind-2.13.0.jar;C:\Users\AMEY\.m2\repository\com\fasterxml\jackson\core\jackson-annotations\2.13.0\jackson-annotations-2.13.0.jar;C:\Users\AMEY\.m2\repository\commons-io\commons-io\2.11.0\commons-io-2.11.0.jar;"/>
    <property name="java.vm.vendor" value="AdoptOpenJDK"/>
    <property name="sun.arch.data.model" value="64"/>
    <property name="user.variant" value=""/>
    <property name="java.vendor.url" value="https://adoptopenjdk.net/"/>
    <property name="user.timezone" value="Asia/Calcutta"/>
    <property name="java.vm.specification.version" value="11"/>
    <property name="os.name" value="Windows 10"/>
    <property name="sun.java.launcher" value="SUN_STANDARD"/>
    <property name="user.country" value="IN"/>
    <property name="sun.boot.library.path" value="C:\Program Files\AdoptOpenJDK\jdk-11.0.11.9-hotspot\bin"/>
    <property name="sun.java.command" value="C:\Users\AMEY\AppData\Local\Temp\surefire12040410756820621221\surefirebooter3891850412916969726.jar C:\Users\AMEY\AppData\Local\Temp\surefire12040410756820621221 2021-10-10T16-42-20_905-jvmRun1 surefire18194004499119049871tmp surefire_014798155679104770852tmp"/>
    <property name="jdk.debug" value="release"/>
    <property name="surefire.test.class.path" value="C:\Users\AMEY\IdeaProjects\Design_Pattern\target\test-classes;C:\Users\AMEY\IdeaProjects\Design_Pattern\target\classes;C:\Users\AMEY\.m2\repository\org\testng\testng\6.14.3\testng-6.14.3.jar;C:\Users\AMEY\.m2\repository\com\beust\jcommander\1.72\jcommander-1.72.jar;C:\Users\AMEY\.m2\repository\org\apache-extras\beanshell\bsh\2.0b6\bsh-2.0b6.jar;C:\Users\AMEY\.m2\repository\org\seleniumhq\selenium\selenium-java\4.0.0-rc-1\selenium-java-4.0.0-rc-1.jar;C:\Users\AMEY\.m2\repository\org\seleniumhq\selenium\selenium-api\4.0.0-rc-1\selenium-api-4.0.0-rc-1.jar;C:\Users\AMEY\.m2\repository\org\seleniumhq\selenium\selenium-chrome-driver\4.0.0-rc-1\selenium-chrome-driver-4.0.0-rc-1.jar;C:\Users\AMEY\.m2\repository\com\google\auto\service\auto-service-annotations\1.0\auto-service-annotations-1.0.jar;C:\Users\AMEY\.m2\repository\com\google\auto\service\auto-service\1.0\auto-service-1.0.jar;C:\Users\AMEY\.m2\repository\com\google\auto\auto-common\1.0\auto-common-1.0.jar;C:\Users\AMEY\.m2\repository\com\google\guava\guava\30.1.1-jre\guava-30.1.1-jre.jar;C:\Users\AMEY\.m2\repository\com\google\guava\failureaccess\1.0.1\failureaccess-1.0.1.jar;C:\Users\AMEY\.m2\repository\com\google\guava\listenablefuture\9999.0-empty-to-avoid-conflict-with-guava\listenablefuture-9999.0-empty-to-avoid-conflict-with-guava.jar;C:\Users\AMEY\.m2\repository\com\google\code\findbugs\jsr305\3.0.2\jsr305-3.0.2.jar;C:\Users\AMEY\.m2\repository\org\checkerframework\checker-qual\3.8.0\checker-qual-3.8.0.jar;C:\Users\AMEY\.m2\repository\com\google\errorprone\error_prone_annotations\2.5.1\error_prone_annotations-2.5.1.jar;C:\Users\AMEY\.m2\repository\com\google\j2objc\j2objc-annotations\1.3\j2objc-annotations-1.3.jar;C:\Users\AMEY\.m2\repository\org\seleniumhq\selenium\selenium-chromium-driver\4.0.0-rc-1\selenium-chromium-driver-4.0.0-rc-1.jar;C:\Users\AMEY\.m2\repository\org\seleniumhq\selenium\selenium-devtools\4.0.0-rc-1\selenium-devtools-4.0.0-rc-1.jar;C:\Users\AMEY\.m2\repository\org\seleniumhq\selenium\selenium-http\4.0.0-rc-1\selenium-http-4.0.0-rc-1.jar;C:\Users\AMEY\.m2\repository\org\seleniumhq\selenium\selenium-json\4.0.0-rc-1\selenium-json-4.0.0-rc-1.jar;C:\Users\AMEY\.m2\repository\org\seleniumhq\selenium\selenium-devtools-v85\4.0.0-rc-1\selenium-devtools-v85-4.0.0-rc-1.jar;C:\Users\AMEY\.m2\repository\org\seleniumhq\selenium\selenium-devtools-v92\4.0.0-rc-1\selenium-devtools-v92-4.0.0-rc-1.jar;C:\Users\AMEY\.m2\repository\org\seleniumhq\selenium\selenium-devtools-v93\4.0.0-rc-1\selenium-devtools-v93-4.0.0-rc-1.jar;C:\Users\AMEY\.m2\repository\org\seleniumhq\selenium\selenium-edge-driver\4.0.0-rc-1\selenium-edge-driver-4.0.0-rc-1.jar;C:\Users\AMEY\.m2\repository\org\seleniumhq\selenium\selenium-firefox-driver\4.0.0-rc-1\selenium-firefox-driver-4.0.0-rc-1.jar;C:\Users\AMEY\.m2\repository\org\seleniumhq\selenium\selenium-firefox-xpi-driver\4.0.0-rc-1\selenium-firefox-xpi-driver-4.0.0-rc-1.jar;C:\Users\AMEY\.m2\repository\org\seleniumhq\selenium\selenium-ie-driver\4.0.0-rc-1\selenium-ie-driver-4.0.0-rc-1.jar;C:\Users\AMEY\.m2\repository\org\seleniumhq\selenium\selenium-opera-driver\4.0.0-rc-1\selenium-opera-driver-4.0.0-rc-1.jar;C:\Users\AMEY\.m2\repository\org\seleniumhq\selenium\selenium-remote-driver\4.0.0-rc-1\selenium-remote-driver-4.0.0-rc-1.jar;C:\Users\AMEY\.m2\repository\io\netty\netty-buffer\4.1.67.Final\netty-buffer-4.1.67.Final.jar;C:\Users\AMEY\.m2\repository\io\netty\netty-codec-http\4.1.67.Final\netty-codec-http-4.1.67.Final.jar;C:\Users\AMEY\.m2\repository\io\netty\netty-codec\4.1.67.Final\netty-codec-4.1.67.Final.jar;C:\Users\AMEY\.m2\repository\io\netty\netty-handler\4.1.67.Final\netty-handler-4.1.67.Final.jar;C:\Users\AMEY\.m2\repository\io\netty\netty-common\4.1.67.Final\netty-common-4.1.67.Final.jar;C:\Users\AMEY\.m2\repository\io\netty\netty-transport-native-epoll\4.1.67.Final\netty-transport-native-epoll-4.1.67.Final.jar;C:\Users\AMEY\.m2\repository\io\netty\netty-transport-native-kqueue\4.1.67.Final\netty-transport-native-kqueue-4.1.67.Final.jar;C:\Users\AMEY\.m2\repository\io\netty\netty-transport-native-unix-common\4.1.67.Final\netty-transport-native-unix-common-4.1.67.Final.jar;C:\Users\AMEY\.m2\repository\io\netty\netty-transport\4.1.67.Final\netty-transport-4.1.67.Final.jar;C:\Users\AMEY\.m2\repository\io\netty\netty-resolver\4.1.67.Final\netty-resolver-4.1.67.Final.jar;C:\Users\AMEY\.m2\repository\io\opentelemetry\opentelemetry-api\1.5.0\opentelemetry-api-1.5.0.jar;C:\Users\AMEY\.m2\repository\io\opentelemetry\opentelemetry-context\1.5.0\opentelemetry-context-1.5.0.jar;C:\Users\AMEY\.m2\repository\io\opentelemetry\opentelemetry-exporter-logging\1.5.0\opentelemetry-exporter-logging-1.5.0.jar;C:\Users\AMEY\.m2\repository\io\opentelemetry\opentelemetry-sdk-metrics\1.5.0-alpha\opentelemetry-sdk-metrics-1.5.0-alpha.jar;C:\Users\AMEY\.m2\repository\io\opentelemetry\opentelemetry-sdk-common\1.5.0\opentelemetry-sdk-common-1.5.0.jar;C:\Users\AMEY\.m2\repository\io\opentelemetry\opentelemetry-sdk-extension-autoconfigure\1.5.0-alpha\opentelemetry-sdk-extension-autoconfigure-1.5.0-alpha.jar;C:\Users\AMEY\.m2\repository\io\opentelemetry\opentelemetry-sdk-trace\1.5.0\opentelemetry-sdk-trace-1.5.0.jar;C:\Users\AMEY\.m2\repository\io\opentelemetry\opentelemetry-api-metrics\1.5.0-alpha\opentelemetry-api-metrics-1.5.0-alpha.jar;C:\Users\AMEY\.m2\repository\io\opentelemetry\opentelemetry-sdk\1.5.0\opentelemetry-sdk-1.5.0.jar;C:\Users\AMEY\.m2\repository\io\opentelemetry\opentelemetry-semconv\1.5.0-alpha\opentelemetry-semconv-1.5.0-alpha.jar;C:\Users\AMEY\.m2\repository\io\ous\jtoml\2.0.0\jtoml-2.0.0.jar;C:\Users\AMEY\.m2\repository\net\bytebuddy\byte-buddy\1.11.13\byte-buddy-1.11.13.jar;C:\Users\AMEY\.m2\repository\org\apache\commons\commons-exec\1.3\commons-exec-1.3.jar;C:\Users\AMEY\.m2\repository\org\asynchttpclient\async-http-client\2.12.3\async-http-client-2.12.3.jar;C:\Users\AMEY\.m2\repository\org\asynchttpclient\async-http-client-netty-utils\2.12.3\async-http-client-netty-utils-2.12.3.jar;C:\Users\AMEY\.m2\repository\io\netty\netty-codec-socks\4.1.60.Final\netty-codec-socks-4.1.60.Final.jar;C:\Users\AMEY\.m2\repository\io\netty\netty-handler-proxy\4.1.60.Final\netty-handler-proxy-4.1.60.Final.jar;C:\Users\AMEY\.m2\repository\io\netty\netty-transport-native-epoll\4.1.60.Final\netty-transport-native-epoll-4.1.60.Final-linux-x86_64.jar;C:\Users\AMEY\.m2\repository\io\netty\netty-transport-native-kqueue\4.1.60.Final\netty-transport-native-kqueue-4.1.60.Final-osx-x86_64.jar;C:\Users\AMEY\.m2\repository\org\reactivestreams\reactive-streams\1.0.3\reactive-streams-1.0.3.jar;C:\Users\AMEY\.m2\repository\com\typesafe\netty\netty-reactive-streams\2.0.4\netty-reactive-streams-2.0.4.jar;C:\Users\AMEY\.m2\repository\org\slf4j\slf4j-api\1.7.30\slf4j-api-1.7.30.jar;C:\Users\AMEY\.m2\repository\com\sun\activation\jakarta.activation\1.2.2\jakarta.activation-1.2.2.jar;C:\Users\AMEY\.m2\repository\org\seleniumhq\selenium\selenium-safari-driver\4.0.0-rc-1\selenium-safari-driver-4.0.0-rc-1.jar;C:\Users\AMEY\.m2\repository\org\seleniumhq\selenium\selenium-support\4.0.0-rc-1\selenium-support-4.0.0-rc-1.jar;C:\Users\AMEY\.m2\repository\com\fasterxml\jackson\core\jackson-core\2.13.0\jackson-core-2.13.0.jar;C:\Users\AMEY\.m2\repository\com\fasterxml\jackson\core\jackson-databind\2.13.0\jackson-databind-2.13.0.jar;C:\Users\AMEY\.m2\repository\com\fasterxml\jackson\core\jackson-annotations\2.13.0\jackson-annotations-2.13.0.jar;C:\Users\AMEY\.m2\repository\commons-io\commons-io\2.11.0\commons-io-2.11.0.jar;"/>
    <property name="sun.cpu.endian" value="little"/>
    <property name="user.home" value="C:\Users\AMEY"/>
    <property name="user.language" value="en"/>
    <property name="java.specification.vendor" value="Oracle Corporation"/>
    <property name="java.version.date" value="2021-04-20"/>
    <property name="java.home" value="C:\Program Files\AdoptOpenJDK\jdk-11.0.11.9-hotspot"/>
    <property name="file.separator" value="\"/>
    <property name="basedir" value="C:\Users\AMEY\IdeaProjects\Design_Pattern"/>
    <property name="java.vm.compressedOopsMode" value="32-bit"/>
    <property name="line.separator" value="&#10;"/>
    <property name="java.specification.name" value="Java Platform API Specification"/>
    <property name="java.vm.specification.vendor" value="Oracle Corporation"/>
    <property name="java.awt.graphicsenv" value="sun.awt.Win32GraphicsEnvironment"/>
    <property name="surefire.real.class.path" value="C:\Users\AMEY\AppData\Local\Temp\surefire12040410756820621221\surefirebooter3891850412916969726.jar"/>
    <property name="user.script" value=""/>
    <property name="sun.management.compiler" value="HotSpot 64-Bit Tiered Compilers"/>
    <property name="java.runtime.version" value="11.0.11+9"/>
    <property name="user.name" value="AMEY"/>
    <property name="path.separator" value=";"/>
    <property name="os.version" value="10.0"/>
    <property name="java.runtime.name" value="OpenJDK Runtime Environment"/>
    <property name="file.encoding" value="Cp1252"/>
    <property name="java.vm.name" value="OpenJDK 64-Bit Server VM"/>
    <property name="java.vendor.version" value="AdoptOpenJDK-11.0.11+9"/>
    <property name="localRepository" value="C:\Users\AMEY\.m2\repository"/>
    <property name="java.vendor.url.bug" value="https://github.com/AdoptOpenJDK/openjdk-support/issues"/>
    <property name="java.io.tmpdir" value="C:\Users\AMEY\AppData\Local\Temp\"/>
    <property name="idea.version" value="2021.2.2"/>
    <property name="java.version" value="11.0.11"/>
    <property name="user.dir" value="C:\Users\AMEY\IdeaProjects\Design_Pattern"/>
    <property name="os.arch" value="amd64"/>
    <property name="java.vm.specification.name" value="Java Virtual Machine Specification"/>
    <property name="java.awt.printerjob" value="sun.awt.windows.WPrinterJob"/>
    <property name="sun.os.patch.level" value=""/>
    <property name="java.library.path" value="C:\Program Files\AdoptOpenJDK\jdk-11.0.11.9-hotspot\bin;C:\WINDOWS\Sun\Java\bin;C:\WINDOWS\system32;C:\WINDOWS;C:\Program Files (x86)\Common Files\Oracle\Java\javapath;C:\Program Files\AdoptOpenJDK\jdk-11.0.11.9-hotspot\bin;C:\WINDOWS\system32;C:\WINDOWS;C:\WINDOWS\System32\Wbem;C:\WINDOWS\System32\WindowsPowerShell\v1.0\;C:\WINDOWS\System32\OpenSSH\;D:\Study\Selenium course\Maven\apache-maven-3.6.3-bin\apache-maven-3.6.3\bin;C:\Program Files (x86)\CrSSL\bin;C:\Program Files\Intel\WiFi\bin\;C:\Program Files\Common Files\Intel\WirelessCommon\;C:\Program Files\Microsoft VS Code\bin;C:\Program Files\Java\jdk1.8.0_221\bin;C:\Program Files\Git\cmd;C:\Users\AMEY\AppData\Local\Microsoft\WindowsApps;C:\Program Files\Intel\WiFi\bin\;C:\Program Files\Common Files\Intel\WirelessCommon\;;C:\Program Files\JetBrains\IntelliJ IDEA Community Edition 2021.2.2\bin;;."/>
    <property name="java.vm.info" value="mixed mode"/>
    <property name="java.vendor" value="AdoptOpenJDK"/>
    <property name="java.vm.version" value="11.0.11+9"/>
    <property name="sun.io.unicode.encoding" value="UnicodeLittle"/>
    <property name="java.class.version" value="55.0"/>
  </properties>
  <testcase name="flightTest" classname="org.Rahulshetty.DemoTest" time="18.161"/>
  <testcase name="flightTest" classname="org.Rahulshetty.DemoTest" time="5.312"/>
</testsuite>