<?xml version="1.0" encoding="UTF-8"?>
<!-- Generated by org.testng.reporters.JUnitReportReporter -->
<testsuite hostname="AMEY" failures="0" tests="2" name="org.Rahulshetty.DemoTest" time="23.476" errors="0" timestamp="10 Oct 2021 11:13:30 GMT" skipped="0">
  <testcase classname="org.Rahulshetty.DemoTest" name="flightTest" time="18.158"/>
  <testcase classname="org.Rahulshetty.DemoTest" name="flightTest" time="5.318"/>
</testsuite> <!-- org.Rahulshetty.DemoTest -->
